0 info it worked if it ends with ok
1 verbose cli [ 'C:\\Program Files\\nodejs\\node.exe',
1 verbose cli   'C:\\Program Files\\nodejs\\node_modules\\npm\\bin\\npm-cli.js',
1 verbose cli   'publish',
1 verbose cli   '.' ]
2 info using npm@3.10.3
3 info using node@v6.3.1
4 verbose publish [ '.' ]
5 silly cache add args [ '.', null ]
6 verbose cache add spec .
7 silly cache add parsed spec Result {
7 silly cache add   raw: '.',
7 silly cache add   scope: null,
7 silly cache add   escapedName: null,
7 silly cache add   name: null,
7 silly cache add   rawSpec: '.',
7 silly cache add   spec: 'D:\\CHEN.UI\\c-cookie',
7 silly cache add   type: 'directory' }
8 verbose addLocalDirectory C:\Users\lenovo\AppData\Roaming\npm-cache\c-cookie\1.0.0\package.tgz not in flight; packing
9 verbose correctMkdir C:\Users\lenovo\AppData\Roaming\npm-cache correctMkdir not in flight; initializing
10 info lifecycle c-cookie@1.0.0~prepublish: c-cookie@1.0.0
11 silly lifecycle c-cookie@1.0.0~prepublish: no script for prepublish, continuing
12 verbose tar pack [ 'C:\\Users\\lenovo\\AppData\\Roaming\\npm-cache\\c-cookie\\1.0.0\\package.tgz',
12 verbose tar pack   'D:\\CHEN.UI\\c-cookie' ]
13 verbose tarball C:\Users\lenovo\AppData\Roaming\npm-cache\c-cookie\1.0.0\package.tgz
14 verbose folder D:\CHEN.UI\c-cookie
15 verbose addLocalTarball adding from inside cache C:\Users\lenovo\AppData\Roaming\npm-cache\c-cookie\1.0.0\package.tgz
16 verbose correctMkdir C:\Users\lenovo\AppData\Roaming\npm-cache correctMkdir not in flight; initializing
17 silly cache afterAdd c-cookie@1.0.0
18 verbose afterAdd C:\Users\lenovo\AppData\Roaming\npm-cache\c-cookie\1.0.0\package\package.json not in flight; writing
19 verbose correctMkdir C:\Users\lenovo\AppData\Roaming\npm-cache correctMkdir not in flight; initializing
20 verbose afterAdd C:\Users\lenovo\AppData\Roaming\npm-cache\c-cookie\1.0.0\package\package.json written
21 silly publish { name: 'c-cookie',
21 silly publish   version: '1.0.0',
21 silly publish   description: 'c-cookie js cookie--Convenient operation cookie',
21 silly publish   main: 'index.js',
21 silly publish   repository:
21 silly publish    { type: 'git',
21 silly publish      url: 'git+https://github.com/chenhaozhi/c-cookie.git' },
21 silly publish   keywords: [ 'js', 'cookie', 'c-cookie' ],
21 silly publish   scripts:
21 silly publish    { start: 'webpack-dev-server --inline --hot --host 0.0.0.0 --port 1024 --history-api-fallback',
21 silly publish      build: 'webpack -p --progress --profile --colors --display-error-details --display-cached' },
21 silly publish   author: { name: 'chenhaotian' },
21 silly publish   license: 'ISC',
21 silly publish   devDependencies:
21 silly publish    { babel: '^6.5.2',
21 silly publish      'babel-core': '^6.13.2',
21 silly publish      'babel-loader': '^6.2.4',
21 silly publish      'babel-plugin-transform-runtime': '^6.12.0',
21 silly publish      'babel-preset-es2015': '^6.13.2',
21 silly publish      'babel-preset-stage-2': '^6.13.0',
21 silly publish      'babel-runtime': '^6.11.6',
21 silly publish      'node-libs-browser': '^1.0.0',
21 silly publish      webpack: '^1.13.3',
21 silly publish      'webpack-dev-server': '^1.16.2' },
21 silly publish   readme: '﻿#c-cookie  js cookie--Convenient operation cookie\r\n\r\n# Installation\r\n### npm install --save-dev c-cookie\r\n### import * from \'c-cookie\';\r\n\r\n#API\r\n### add cokkie\r\n```\r\ncookies.insert(\'name\',\'zhang\',\'0.5\');\r\ncookies.insert(\'li\',\'yue\');\r\ncookies.insert(\'li\',\'yue2\',\'1.2\');\r\n```\r\n\r\n### search cookie\r\n```\r\nvar q = cookies.query();\r\nconsole.log(q);  //name=zhang; li=yue2\r\n\r\nvar q1 = cookies.query("name");\r\nconsole.log(q1);   //zhang\r\n```\r\n\r\n### delete cookie\r\n```\r\ncookies.remove("name");\r\nvar q = cookies.query();\r\nconsole.log(q);  //li=yue2\r\n```\r\n',
21 silly publish   readmeFilename: 'README.md',
21 silly publish   gitHead: '1601de26e3569d38e86598c88551dc8619f7b57d',
21 silly publish   bugs: { url: 'https://github.com/chenhaozhi/c-cookie/issues' },
21 silly publish   homepage: 'https://github.com/chenhaozhi/c-cookie#readme',
21 silly publish   _id: 'c-cookie@1.0.0',
21 silly publish   _shasum: '7b9194785a2989be8064d173b144d7baa4c2863b',
21 silly publish   _from: '.' }
22 verbose getPublishConfig undefined
23 silly mapToRegistry name c-cookie
24 silly mapToRegistry using default registry
25 silly mapToRegistry registry https://registry.npmjs.org/
26 silly mapToRegistry data Result {
26 silly mapToRegistry   raw: 'c-cookie',
26 silly mapToRegistry   scope: null,
26 silly mapToRegistry   escapedName: 'c-cookie',
26 silly mapToRegistry   name: 'c-cookie',
26 silly mapToRegistry   rawSpec: '',
26 silly mapToRegistry   spec: 'latest',
26 silly mapToRegistry   type: 'tag' }
27 silly mapToRegistry uri https://registry.npmjs.org/c-cookie
28 verbose publish registryBase https://registry.npmjs.org/
29 silly publish uploading C:\Users\lenovo\AppData\Roaming\npm-cache\c-cookie\1.0.0\package.tgz
30 verbose request uri https://registry.npmjs.org/c-cookie
31 verbose request sending authorization for write operation
32 info attempt registry request try #1 at 23:31:14
33 verbose request using bearer token for auth
34 verbose request id 2a76c6e31bc80d6f
35 http request PUT https://registry.npmjs.org/c-cookie
36 http 403 https://registry.npmjs.org/c-cookie
37 verbose headers { 'content-type': 'application/json',
37 verbose headers   'cache-control': 'max-age=300',
37 verbose headers   'content-length': '95',
37 verbose headers   'accept-ranges': 'bytes',
37 verbose headers   date: 'Wed, 02 Nov 2016 15:31:14 GMT',
37 verbose headers   via: '1.1 varnish',
37 verbose headers   connection: 'keep-alive',
37 verbose headers   'x-served-by': 'cache-itm7423-ITM',
37 verbose headers   'x-cache': 'MISS',
37 verbose headers   'x-cache-hits': '0',
37 verbose headers   'x-timer': 'S1478100674.296321,VS0,VE522',
37 verbose headers   vary: 'Accept-Encoding' }
38 verbose request invalidating C:\Users\lenovo\AppData\Roaming\npm-cache\registry.npmjs.org\c-cookie on PUT
39 error publish Failed PUT 403
40 verbose stack Error: "You cannot publish over the previously published version 1.0.0." : c-cookie
40 verbose stack     at makeError (C:\Program Files\nodejs\node_modules\npm\node_modules\npm-registry-client\lib\request.js:264:12)
40 verbose stack     at CachingRegistryClient.<anonymous> (C:\Program Files\nodejs\node_modules\npm\node_modules\npm-registry-client\lib\request.js:252:14)
40 verbose stack     at Request._callback (C:\Program Files\nodejs\node_modules\npm\node_modules\npm-registry-client\lib\request.js:172:14)
40 verbose stack     at Request.self.callback (C:\Program Files\nodejs\node_modules\npm\node_modules\request\request.js:200:22)
40 verbose stack     at emitTwo (events.js:106:13)
40 verbose stack     at Request.emit (events.js:191:7)
40 verbose stack     at Request.<anonymous> (C:\Program Files\nodejs\node_modules\npm\node_modules\request\request.js:1067:10)
40 verbose stack     at emitOne (events.js:101:20)
40 verbose stack     at Request.emit (events.js:188:7)
40 verbose stack     at IncomingMessage.<anonymous> (C:\Program Files\nodejs\node_modules\npm\node_modules\request\request.js:988:12)
41 verbose statusCode 403
42 verbose pkgid c-cookie
43 verbose cwd D:\CHEN.UI\c-cookie
44 error Windows_NT 10.0.14393
45 error argv "C:\\Program Files\\nodejs\\node.exe" "C:\\Program Files\\nodejs\\node_modules\\npm\\bin\\npm-cli.js" "publish" "."
46 error node v6.3.1
47 error npm  v3.10.3
48 error code E403
49 error "You cannot publish over the previously published version 1.0.0." : c-cookie
50 error If you need help, you may report this error at:
50 error     <https://github.com/npm/npm/issues>
51 verbose exit [ 1, true ]
